Vivado Simulator 2020.2
Copyright 1986-1999, 2001-2020 Xilinx, Inc. All Rights Reserved.
Running: D:/yao/APP/Vivado/2020.2/bin/unwrapped/win64.o/xelab.exe -wto 90c70b2b3cdd444e85174ca3a73f0189 --incr --debug typical --relax --mt 2 --maxdelay -L xil_defaultlib -L simprims_ver -L secureip --snapshot Image_Processor_tb_time_impl -transport_int_delays -pulse_r 0 -pulse_int_r 0 -pulse_e 0 -pulse_int_e 0 xil_defaultlib.Image_Processor_tb xil_defaultlib.glbl -log elaborate.log 
Using 2 slave threads.
Starting static elaboration
Pass Through NonSizing Optimizer
Completed static elaboration
Starting simulation data flow analysis
Completed simulation data flow analysis
INFO: [XSIM 43-3451] SDF backannotation process started with SDF file "Image_Processor_tb_time_impl.sdf", for root module "Image_Processor_tb/U_Imageprocessor".
INFO: [XSIM 43-3452] SDF backannotation was successful for SDF file "Image_Processor_tb_time_impl.sdf", for root module "Image_Processor_tb/U_Imageprocessor".
Time Resolution for simulation is 1ps
Compiling module simprims_ver.IBUF
Compiling module simprims_ver.OBUF
Compiling module simprims_ver.BUFG
Compiling module simprims_ver.DSP48E1(ACASCREG=0,ALUMODEREG=0,...
Compiling module simprims_ver.x_lut2_mux4
Compiling module simprims_ver.LUT2
Compiling module simprims_ver.FDCE_default
Compiling module simprims_ver.x_lut1_mux2
Compiling module simprims_ver.LUT1
Compiling module simprims_ver.LUT4
Compiling module simprims_ver.x_lut3_mux8
Compiling module simprims_ver.LUT3
Compiling module simprims_ver.LUT6
Compiling module simprims_ver.CARRY4
Compiling module xil_defaultlib.Rgb_to_ycrcb
Compiling module simprims_ver.LUT5
Compiling module simprims_ver.SRLC32E_default
Compiling module simprims_ver.FDRE_default
Compiling module xil_defaultlib.c_shift_ram_0
Compiling module xil_defaultlib.c_shift_ram_0_HD2
Compiling module simprims_ver.SRL16E_default
Compiling module xil_defaultlib.VIP_Matrix_Generate_3x3_8Bit
Compiling module xil_defaultlib.Imageprocessor
Compiling module xil_defaultlib.Image_Processor_tb
Compiling module xil_defaultlib.glbl
Built simulation snapshot Image_Processor_tb_time_impl
