Copyright 1986-2020 Xilinx, Inc. All Rights Reserved.
-------------------------------------------------------------------------------------------
| Tool Version : Vivado v.2020.2 (win64) Build 3064766 Wed Nov 18 09:12:45 MST 2020
| Date         : Sun Dec  8 19:25:26 2024
| Host         : LAPTOP-P4BALFEC running 64-bit major release  (build 9200)
| Command      : report_control_sets -verbose -file Imageprocessor_control_sets_placed.rpt
| Design       : Imageprocessor
| Device       : xc7a200t
-------------------------------------------------------------------------------------------

Control Set Information

Table of Contents
-----------------
1. Summary
2. Histogram
3. Flip-Flop Distribution
4. Detailed Control Set Information

1. Summary
----------

+----------------------------------------------------------+-------+
|                          Status                          | Count |
+----------------------------------------------------------+-------+
| Total control sets                                       |     3 |
|    Minimum number of control sets                        |     3 |
|    Addition due to synthesis replication                 |     0 |
|    Addition due to physical synthesis replication        |     0 |
| Unused register locations in slices containing registers |    13 |
+----------------------------------------------------------+-------+
* Control sets can be merged at opt_design using control_set_merge or merge_equivalent_drivers
** Run report_qor_suggestions for automated merging and remapping suggestions


2. Histogram
------------

+--------------------+-------+
|       Fanout       | Count |
+--------------------+-------+
| Total control sets |     3 |
| >= 0 to < 4        |     0 |
| >= 4 to < 6        |     0 |
| >= 6 to < 8        |     0 |
| >= 8 to < 10       |     0 |
| >= 10 to < 12      |     0 |
| >= 12 to < 14      |     0 |
| >= 14 to < 16      |     0 |
| >= 16              |     3 |
+--------------------+-------+
* Control sets can be remapped at either synth_design or opt_design


3. Flip-Flop Distribution
-------------------------

+--------------+-----------------------+------------------------+-----------------+--------------+
| Clock Enable | Synchronous Set/Reset | Asynchronous Set/Reset | Total Registers | Total Slices |
+--------------+-----------------------+------------------------+-----------------+--------------+
| No           | No                    | No                     |             147 |          146 |
| No           | No                    | Yes                    |            2296 |          464 |
| No           | Yes                   | No                     |               0 |            0 |
| Yes          | No                    | No                     |               0 |            0 |
| Yes          | No                    | Yes                    |               0 |            0 |
| Yes          | Yes                   | No                     |               0 |            0 |
+--------------+-----------------------+------------------------+-----------------+--------------+


4. Detailed Control Set Information
-----------------------------------

+--------------------+---------------+---------------------------------------------+------------------+----------------+--------------+
|    Clock Signal    | Enable Signal |               Set/Reset Signal              | Slice Load Count | Bel Load Count | Bels / Slice |
+--------------------+---------------+---------------------------------------------+------------------+----------------+--------------+
|  sys_clk_IBUF_BUFG |               | u_Rgb_to_ycrcb/Y[7]_i_1_n_0                 |               14 |             73 |         5.21 |
|  sys_clk_IBUF_BUFG |               |                                             |              194 |            854 |         4.40 |
|  sys_clk_IBUF_BUFG |               | u_VIP_Matrix_Generate_3x3_8Bit/dout_i_2_n_0 |              450 |           2223 |         4.94 |
+--------------------+---------------+---------------------------------------------+------------------+----------------+--------------+


